<?xml version="1.0" encoding="UTF-8"?>
<testsuite xmlns:xsi="http://www.w3.org/2001/XMLSchema-instance" xsi:noNamespaceSchemaLocation="https://maven.apache.org/surefire/maven-surefire-plugin/xsd/surefire-test-report.xsd" name="org.example.CalcTest" time="0.059" tests="1" errors="0" skipped="0" failures="0">
  <properties>
    <property name="java.specification.version" value="14"/>
    <property name="sun.cpu.isalist" value="amd64"/>
    <property name="sun.jnu.encoding" value="GBK"/>
    <property name="java.class.path" value="E:\桌面文件\新建文件夹\tutorial4\target\test-classes;E:\桌面文件\新建文件夹\tutorial4\target\classes;d:\软件开发\org\junit\jupiter\junit-jupiter-engine\5.4.0\junit-jupiter-engine-5.4.0.jar;d:\软件开发\org\apiguardian\apiguardian-api\1.0.0\apiguardian-api-1.0.0.jar;d:\软件开发\org\junit\platform\junit-platform-engine\1.4.0\junit-platform-engine-1.4.0.jar;d:\软件开发\org\opentest4j\opentest4j\1.1.1\opentest4j-1.1.1.jar;d:\软件开发\org\junit\platform\junit-platform-commons\1.4.0\junit-platform-commons-1.4.0.jar;d:\软件开发\org\junit\jupiter\junit-jupiter-api\5.4.0\junit-jupiter-api-5.4.0.jar;d:\软件开发\org\junit\jupiter\junit-jupiter\5.10.0\junit-jupiter-5.10.0.jar;d:\软件开发\org\junit\jupiter\junit-jupiter-params\5.10.0\junit-jupiter-params-5.10.0.jar;"/>
    <property name="java.vm.vendor" value="Oracle Corporation"/>
    <property name="sun.arch.data.model" value="64"/>
    <property name="user.variant" value=""/>
    <property name="java.vendor.url" value="https://java.oracle.com/"/>
    <property name="user.timezone" value="Asia/Shanghai"/>
    <property name="os.name" value="Windows 10"/>
    <property name="java.vm.specification.version" value="14"/>
    <property name="sun.java.launcher" value="SUN_STANDARD"/>
    <property name="user.country" value="CN"/>
    <property name="sun.boot.library.path" value="C:\Program Files\Java\jdk-14.0.2\bin"/>
    <property name="sun.java.command" value="C:\Users\86188\AppData\Local\Temp\surefire11089411461182343122\surefirebooter17630421132352600157.jar C:\Users\86188\AppData\Local\Temp\surefire11089411461182343122 2023-10-13T18-28-19_995-jvmRun1 surefire4726981774176290497tmp surefire_05372330949843557237tmp"/>
    <property name="jdk.debug" value="release"/>
    <property name="surefire.test.class.path" value="E:\桌面文件\新建文件夹\tutorial4\target\test-classes;E:\桌面文件\新建文件夹\tutorial4\target\classes;d:\软件开发\org\junit\jupiter\junit-jupiter-engine\5.4.0\junit-jupiter-engine-5.4.0.jar;d:\软件开发\org\apiguardian\apiguardian-api\1.0.0\apiguardian-api-1.0.0.jar;d:\软件开发\org\junit\platform\junit-platform-engine\1.4.0\junit-platform-engine-1.4.0.jar;d:\软件开发\org\opentest4j\opentest4j\1.1.1\opentest4j-1.1.1.jar;d:\软件开发\org\junit\platform\junit-platform-commons\1.4.0\junit-platform-commons-1.4.0.jar;d:\软件开发\org\junit\jupiter\junit-jupiter-api\5.4.0\junit-jupiter-api-5.4.0.jar;d:\软件开发\org\junit\jupiter\junit-jupiter\5.10.0\junit-jupiter-5.10.0.jar;d:\软件开发\org\junit\jupiter\junit-jupiter-params\5.10.0\junit-jupiter-params-5.10.0.jar;"/>
    <property name="sun.cpu.endian" value="little"/>
    <property name="user.home" value="C:\Users\86188"/>
    <property name="user.language" value="zh"/>
    <property name="java.specification.vendor" value="Oracle Corporation"/>
    <property name="java.version.date" value="2020-07-14"/>
    <property name="java.home" value="C:\Program Files\Java\jdk-14.0.2"/>
    <property name="file.separator" value="\"/>
    <property name="basedir" value="E:\桌面文件\新建文件夹\tutorial4"/>
    <property name="java.vm.compressedOopsMode" value="32-bit"/>
    <property name="line.separator" value="&#10;"/>
    <property name="java.vm.specification.vendor" value="Oracle Corporation"/>
    <property name="java.specification.name" value="Java Platform API Specification"/>
    <property name="surefire.real.class.path" value="C:\Users\86188\AppData\Local\Temp\surefire11089411461182343122\surefirebooter17630421132352600157.jar"/>
    <property name="user.script" value=""/>
    <property name="sun.management.compiler" value="HotSpot 64-Bit Tiered Compilers"/>
    <property name="java.runtime.version" value="14.0.2+12-46"/>
    <property name="user.name" value="86188"/>
    <property name="path.separator" value=";"/>
    <property name="os.version" value="10.0"/>
    <property name="java.runtime.name" value="Java(TM) SE Runtime Environment"/>
    <property name="file.encoding" value="GBK"/>
    <property name="java.vm.name" value="Java HotSpot(TM) 64-Bit Server VM"/>
    <property name="localRepository" value="d:\软件开发"/>
    <property name="java.vendor.url.bug" value="https://bugreport.java.com/bugreport/"/>
    <property name="java.io.tmpdir" value="C:\Users\86188\AppData\Local\Temp\"/>
    <property name="java.version" value="14.0.2"/>
    <property name="user.dir" value="E:\桌面文件\新建文件夹\tutorial4"/>
    <property name="os.arch" value="amd64"/>
    <property name="java.vm.specification.name" value="Java Virtual Machine Specification"/>
    <property name="sun.os.patch.level" value=""/>
    <property name="java.library.path" value="C:\Program Files\Java\jdk-14.0.2\bin;C:\Windows\Sun\Java\bin;C:\Windows\system32;C:\Windows;C:\Program Files\Microsoft\jdk-11.0.12.7-hotspot\bin;C:\Windows\system32;C:\Windows;C:\Windows\System32\Wbem;C:\Windows\System32\WindowsPowerShell\v1.0\;C:\Windows\System32\OpenSSH\;C:\Program Files\Bandizip\;C:\Program Files\dotnet\;C:\Program Files\Java\jdk-14.0.2\bin;C:\Program Files\Java\jdk-14.0.2\jre\bin;C:\Program Files\PuTTY\;F:\Program Files\MATLAB\R2016a\runtime\win64;F:\Program Files\MATLAB\R2016a\bin;F:\Program Files\MATLAB\R2016a\polyspace\bin;D:\WeChat\微信小程序开发工具\微信web开发者工具\dll;D:\软件开发\Git\cmd;E:\LINGO64_15\;D:\软件开发\maven\apache-maven-3.9.4\bin;;E:\Microsoft VS Code\bin;."/>
    <property name="java.vm.info" value="mixed mode, sharing"/>
    <property name="java.vendor" value="Oracle Corporation"/>
    <property name="java.vm.version" value="14.0.2+12-46"/>
    <property name="sun.io.unicode.encoding" value="UnicodeLittle"/>
    <property name="java.class.version" value="58.0"/>
  </properties>
  <testcase name="testAddition" classname="org.example.CalcTest" time="0.044"/>
</testsuite>